<?xml version="1.0" encoding="UTF-8"?>
<testsuite xmlns:xsi="http://www.w3.org/2001/XMLSchema-instance" xsi:noNamespaceSchemaLocation="https://maven.apache.org/surefire/maven-surefire-plugin/xsd/surefire-test-report.xsd" name="org.tampvn.AppTest" time="0.039" tests="1" errors="0" skipped="0" failures="0">
  <properties>
    <property name="sun.desktop" value="windows"/>
    <property name="awt.toolkit" value="sun.awt.windows.WToolkit"/>
    <property name="file.encoding.pkg" value="sun.io"/>
    <property name="java.specification.version" value="16"/>
    <property name="jdk.extensions.version" value="16.0.1.0"/>
    <property name="sun.jnu.encoding" value="Cp1252"/>
    <property name="java.class.path" value="D:\Spring\hb-01-one-to-one-bi\target\test-classes;D:\Spring\hb-01-one-to-one-bi\target\classes;C:\Users\Polaris\.m2\repository\junit\junit\4.11\junit-4.11.jar;C:\Users\Polaris\.m2\repository\org\hamcrest\hamcrest-core\1.3\hamcrest-core-1.3.jar;C:\Users\Polaris\.m2\repository\org\hibernate\hibernate-core\5.4.10.Final\hibernate-core-5.4.10.Final.jar;C:\Users\Polaris\.m2\repository\org\jboss\logging\jboss-logging\3.3.2.Final\jboss-logging-3.3.2.Final.jar;C:\Users\Polaris\.m2\repository\javax\persistence\javax.persistence-api\2.2\javax.persistence-api-2.2.jar;C:\Users\Polaris\.m2\repository\org\javassist\javassist\3.24.0-GA\javassist-3.24.0-GA.jar;C:\Users\Polaris\.m2\repository\net\bytebuddy\byte-buddy\1.10.2\byte-buddy-1.10.2.jar;C:\Users\Polaris\.m2\repository\antlr\antlr\2.7.7\antlr-2.7.7.jar;C:\Users\Polaris\.m2\repository\org\jboss\spec\javax\transaction\jboss-transaction-api_1.2_spec\1.1.1.Final\jboss-transaction-api_1.2_spec-1.1.1.Final.jar;C:\Users\Polaris\.m2\repository\org\jboss\jandex\2.1.1.Final\jandex-2.1.1.Final.jar;C:\Users\Polaris\.m2\repository\com\fasterxml\classmate\1.5.1\classmate-1.5.1.jar;C:\Users\Polaris\.m2\repository\javax\activation\javax.activation-api\1.2.0\javax.activation-api-1.2.0.jar;C:\Users\Polaris\.m2\repository\org\dom4j\dom4j\2.1.1\dom4j-2.1.1.jar;C:\Users\Polaris\.m2\repository\org\hibernate\common\hibernate-commons-annotations\5.1.0.Final\hibernate-commons-annotations-5.1.0.Final.jar;C:\Users\Polaris\.m2\repository\org\glassfish\jaxb\jaxb-runtime\2.3.1\jaxb-runtime-2.3.1.jar;C:\Users\Polaris\.m2\repository\org\glassfish\jaxb\txw2\2.3.1\txw2-2.3.1.jar;C:\Users\Polaris\.m2\repository\com\sun\istack\istack-commons-runtime\3.0.7\istack-commons-runtime-3.0.7.jar;C:\Users\Polaris\.m2\repository\org\jvnet\staxex\stax-ex\1.8\stax-ex-1.8.jar;C:\Users\Polaris\.m2\repository\com\sun\xml\fastinfoset\FastInfoset\1.2.15\FastInfoset-1.2.15.jar;C:\Users\Polaris\.m2\repository\org\hibernate\javax\persistence\hibernate-jpa-2.1-api\1.0.0.Final\hibernate-jpa-2.1-api-1.0.0.Final.jar;C:\Users\Polaris\.m2\repository\mysql\mysql-connector-java\8.0.25\mysql-connector-java-8.0.25.jar;C:\Users\Polaris\.m2\repository\com\google\protobuf\protobuf-java\3.11.4\protobuf-java-3.11.4.jar;C:\Users\Polaris\.m2\repository\javax\xml\bind\jaxb-api\2.2.8\jaxb-api-2.2.8.jar;C:\Users\Polaris\.m2\repository\com\sun\xml\bind\jaxb-core\2.3.0\jaxb-core-2.3.0.jar;C:\Users\Polaris\.m2\repository\com\sun\xml\bind\jaxb-impl\2.3.0\jaxb-impl-2.3.0.jar;C:\Users\Polaris\.m2\repository\com\sun\activation\javax.activation\1.2.0\javax.activation-1.2.0.jar;"/>
    <property name="java.vm.vendor" value="Eclipse OpenJ9"/>
    <property name="com.ibm.vm.bitmode" value="64"/>
    <property name="sun.arch.data.model" value="64"/>
    <property name="user.variant" value=""/>
    <property name="com.ibm.oti.vm.library.version" value="29"/>
    <property name="java.vendor.url" value="https://adoptopenjdk.net/"/>
    <property name="user.timezone" value="Asia/Bangkok"/>
    <property name="os.name" value="Windows 10"/>
    <property name="java.vm.specification.version" value="16"/>
    <property name="user.country" value="US"/>
    <property name="sun.java.launcher" value="SUN_STANDARD"/>
    <property name="sun.boot.library.path" value="C:\Program Files\AdoptOpenJDK\jdk-16.0.1.9-openj9\bin\default;C:\Program Files\AdoptOpenJDK\jdk-16.0.1.9-openj9\bin"/>
    <property name="sun.java.command" value="C:\Users\Polaris\AppData\Local\Temp\surefire14396488116576877953\surefirebooter10154971085933055373.jar C:\Users\Polaris\AppData\Local\Temp\surefire14396488116576877953 2021-08-27T17-35-04_399-jvmRun1 surefire17364971560513650260tmp surefire_015440269392382093111tmp"/>
    <property name="surefire.test.class.path" value="D:\Spring\hb-01-one-to-one-bi\target\test-classes;D:\Spring\hb-01-one-to-one-bi\target\classes;C:\Users\Polaris\.m2\repository\junit\junit\4.11\junit-4.11.jar;C:\Users\Polaris\.m2\repository\org\hamcrest\hamcrest-core\1.3\hamcrest-core-1.3.jar;C:\Users\Polaris\.m2\repository\org\hibernate\hibernate-core\5.4.10.Final\hibernate-core-5.4.10.Final.jar;C:\Users\Polaris\.m2\repository\org\jboss\logging\jboss-logging\3.3.2.Final\jboss-logging-3.3.2.Final.jar;C:\Users\Polaris\.m2\repository\javax\persistence\javax.persistence-api\2.2\javax.persistence-api-2.2.jar;C:\Users\Polaris\.m2\repository\org\javassist\javassist\3.24.0-GA\javassist-3.24.0-GA.jar;C:\Users\Polaris\.m2\repository\net\bytebuddy\byte-buddy\1.10.2\byte-buddy-1.10.2.jar;C:\Users\Polaris\.m2\repository\antlr\antlr\2.7.7\antlr-2.7.7.jar;C:\Users\Polaris\.m2\repository\org\jboss\spec\javax\transaction\jboss-transaction-api_1.2_spec\1.1.1.Final\jboss-transaction-api_1.2_spec-1.1.1.Final.jar;C:\Users\Polaris\.m2\repository\org\jboss\jandex\2.1.1.Final\jandex-2.1.1.Final.jar;C:\Users\Polaris\.m2\repository\com\fasterxml\classmate\1.5.1\classmate-1.5.1.jar;C:\Users\Polaris\.m2\repository\javax\activation\javax.activation-api\1.2.0\javax.activation-api-1.2.0.jar;C:\Users\Polaris\.m2\repository\org\dom4j\dom4j\2.1.1\dom4j-2.1.1.jar;C:\Users\Polaris\.m2\repository\org\hibernate\common\hibernate-commons-annotations\5.1.0.Final\hibernate-commons-annotations-5.1.0.Final.jar;C:\Users\Polaris\.m2\repository\org\glassfish\jaxb\jaxb-runtime\2.3.1\jaxb-runtime-2.3.1.jar;C:\Users\Polaris\.m2\repository\org\glassfish\jaxb\txw2\2.3.1\txw2-2.3.1.jar;C:\Users\Polaris\.m2\repository\com\sun\istack\istack-commons-runtime\3.0.7\istack-commons-runtime-3.0.7.jar;C:\Users\Polaris\.m2\repository\org\jvnet\staxex\stax-ex\1.8\stax-ex-1.8.jar;C:\Users\Polaris\.m2\repository\com\sun\xml\fastinfoset\FastInfoset\1.2.15\FastInfoset-1.2.15.jar;C:\Users\Polaris\.m2\repository\org\hibernate\javax\persistence\hibernate-jpa-2.1-api\1.0.0.Final\hibernate-jpa-2.1-api-1.0.0.Final.jar;C:\Users\Polaris\.m2\repository\mysql\mysql-connector-java\8.0.25\mysql-connector-java-8.0.25.jar;C:\Users\Polaris\.m2\repository\com\google\protobuf\protobuf-java\3.11.4\protobuf-java-3.11.4.jar;C:\Users\Polaris\.m2\repository\javax\xml\bind\jaxb-api\2.2.8\jaxb-api-2.2.8.jar;C:\Users\Polaris\.m2\repository\com\sun\xml\bind\jaxb-core\2.3.0\jaxb-core-2.3.0.jar;C:\Users\Polaris\.m2\repository\com\sun\xml\bind\jaxb-impl\2.3.0\jaxb-impl-2.3.0.jar;C:\Users\Polaris\.m2\repository\com\sun\activation\javax.activation\1.2.0\javax.activation-1.2.0.jar;"/>
    <property name="sun.cpu.endian" value="little"/>
    <property name="user.home" value="C:\Users\Polaris"/>
    <property name="user.language" value="en"/>
    <property name="java.specification.vendor" value="Oracle Corporation"/>
    <property name="java.version.date" value="2021-04-20"/>
    <property name="java.home" value="C:\Program Files\AdoptOpenJDK\jdk-16.0.1.9-openj9"/>
    <property name="ibm.signalhandling.rs" value="false"/>
    <property name="jdk.extensions.name" value="Extensions for OpenJDK for Eclipse OpenJ9"/>
    <property name="file.separator" value="\"/>
    <property name="basedir" value="D:\Spring\hb-01-one-to-one-bi"/>
    <property name="line.separator" value="&#10;"/>
    <property name="java.vm.specification.vendor" value="Oracle Corporation"/>
    <property name="java.specification.name" value="Java Platform API Specification"/>
    <property name="java.compiler" value="j9jit29"/>
    <property name="com.ibm.util.extralibs.properties" value=""/>
    <property name="java.awt.graphicsenv" value="sun.awt.Win32GraphicsEnvironment"/>
    <property name="com.ibm.oti.configuration" value="scar"/>
    <property name="java.awt.fonts" value=""/>
    <property name="surefire.real.class.path" value="C:\Users\Polaris\AppData\Local\Temp\surefire14396488116576877953\surefirebooter10154971085933055373.jar"/>
    <property name="com.ibm.oti.shared.enabled" value="false"/>
    <property name="jdk.boot.class.path.append" value=""/>
    <property name="com.ibm.oti.vm.bootstrap.library.path" value="C:\Program Files\AdoptOpenJDK\jdk-16.0.1.9-openj9\bin\default;C:\Program Files\AdoptOpenJDK\jdk-16.0.1.9-openj9\bin"/>
    <property name="com.ibm.cpu.endian" value="little"/>
    <property name="java.fullversion" value="16.0.1+9&#10;JRE 16 Windows 10 amd64-64-Bit Compressed References 20210421_24 (JIT enabled, AOT enabled)&#10;OpenJ9   - b4cc246d9&#10;OMR      - 162e6f729&#10;JCL      - cea22090ecf based on jdk-16.0.1+9"/>
    <property name="java.runtime.version" value="16.0.1+9"/>
    <property name="user.name" value="Polaris"/>
    <property name="path.separator" value=";"/>
    <property name="os.version" value="10.0"/>
    <property name="java.runtime.name" value="OpenJDK Runtime Environment"/>
    <property name="ibm.signalhandling.sigint" value="true"/>
    <property name="file.encoding" value="Cp1252"/>
    <property name="java.vm.name" value="Eclipse OpenJ9 VM"/>
    <property name="java.vendor.version" value="AdoptOpenJDK-16.0.1+9"/>
    <property name="ibm.signalhandling.sigchain" value="true"/>
    <property name="localRepository" value="C:\Users\Polaris\.m2\repository"/>
    <property name="java.vendor.url.bug" value="https://github.com/AdoptOpenJDK/openjdk-support/issues"/>
    <property name="java.io.tmpdir" value="C:\Users\Polaris\AppData\Local\Temp\"/>
    <property name="idea.version" value="2021.1.2"/>
    <property name="java.version" value="16.0.1"/>
    <property name="com.ibm.system.agent.path" value="C:\Program Files\AdoptOpenJDK\jdk-16.0.1.9-openj9\bin"/>
    <property name="user.dir" value="D:\Spring\hb-01-one-to-one-bi"/>
    <property name="os.arch" value="amd64"/>
    <property name="java.vm.specification.name" value="Java Virtual Machine Specification"/>
    <property name="java.awt.printerjob" value="sun.awt.windows.WPrinterJob"/>
    <property name="sun.nio.PageAlignDirectMemory" value="false"/>
    <property name="os.encoding" value="UTF8"/>
    <property name="java.library.path" value="C:\Program Files\AdoptOpenJDK\jdk-16.0.1.9-openj9\bin\default;C:\Program Files\AdoptOpenJDK\jdk-16.0.1.9-openj9\bin;C:\WINDOWS\system32;C:\WINDOWS;C:\Program Files (x86)\Common Files\Oracle\Java\javapath;C:\Program Files\Microsoft MPI\Bin\;C:\Program Files\AdoptOpenJDK\jdk-16.0.1.9-openj9\bin;C:\Program Files\AdoptOpenJDK\jdk-8.0.292.10-openj9\bin;C:\Program Files\AdoptOpenJDK\jdk-11.0.11.9-hotspot\bin;C:\WINDOWS\system32;C:\WINDOWS;C:\WINDOWS\System32\Wbem;C:\WINDOWS\System32\WindowsPowerShell\v1.0\;C:\WINDOWS\System32\OpenSSH\;C:\Program Files\NVIDIA Corporation\NVIDIA NvDLISR;C:\Program Files\Azure Data Studio\bin;C:\Program Files (x86)\Microsoft SQL Server\150\Tools\Binn\;C:\Program Files\Microsoft SQL Server\150\Tools\Binn\;C:\Program Files (x86)\Microsoft SQL Server\150\DTS\Binn\;C:\Program Files\Microsoft SQL Server\150\DTS\Binn\;C:\Program Files\Microsoft SQL Server\Client SDK\ODBC\170\Tools\Binn\;C:\Program Files\Git\cmd;C:\Program Files (x86)\NVIDIA Corporation\PhysX\Common;C:\Program Files\apache-maven-3.8.1-bin\apache-maven-3.8.1\bin;C:\sqlite;C:\Users\Polaris\AppData\Local\Programs\Python\Python39\Scripts\;C:\Users\Polaris\AppData\Local\Programs\Python\Python39\;C:\Program Files\MySQL\MySQL Shell 8.0\bin\;C:\Users\Polaris\AppData\Local\Programs\Python\Python39\Scripts\;C:\Users\Polaris\AppData\Local\Programs\Python\Python39\;C:\sqlite;C:\Program Files\Azure Data Studio\bin;C:\Users\Polaris\AppData\Local\Programs\Microsoft VS Code\bin;C:\Users\Polaris\AppData\Local\GitHubDesktop\bin;C:\Users\Polaris\AppData\Local\atom\bin;;."/>
    <property name="sun.nio.MaxDirectMemorySize" value="3689684992"/>
    <property name="java.vm.info" value="JRE 16 Windows 10 amd64-64-Bit Compressed References 20210421_24 (JIT enabled, AOT enabled)&#10;OpenJ9   - b4cc246d9&#10;OMR      - 162e6f729&#10;JCL      - cea22090ecf based on jdk-16.0.1+9"/>
    <property name="java.vendor" value="AdoptOpenJDK"/>
    <property name="java.vm.version" value="openj9-0.26.0"/>
    <property name="ibm.system.encoding" value="Cp1252"/>
    <property name="com.ibm.jcl.checkClassPath" value=""/>
    <property name="sun.io.unicode.encoding" value="UnicodeLittle"/>
    <property name="java.class.version" value="60.0"/>
  </properties>
  <testcase name="shouldAnswerWithTrue" classname="org.tampvn.AppTest" time="0.007"/>
</testsuite>